Performing C++ SOURCE FILE Test CMAKE_HAVE_LIBC_PTHREAD failed with the following output:
Change Dir: /home/ruslan/AndroidStudioProjects/libs/spdlog/build/arm64-v8a/CMakeFiles/CMakeTmp

Run Build Command(s):/usr/bin/gmake -f Makefile cmTC_a5a42/fast && /usr/bin/gmake  -f CMakeFiles/cmTC_a5a42.dir/build.make CMakeFiles/cmTC_a5a42.dir/build
gmake[1]: вход в каталог «/home/ruslan/AndroidStudioProjects/libs/spdlog/build/arm64-v8a/CMakeFiles/CMakeTmp»
Building CXX object CMakeFiles/cmTC_a5a42.dir/src.cxx.o
/home/ruslan/Android/Sdk/ndk/25.1.8937393/toolchains/llvm/prebuilt/linux-x86_64/bin/clang++ --target=aarch64-none-linux-android21 --sysroot=/home/ruslan/Android/Sdk/ndk/25.1.8937393/toolchains/llvm/prebuilt/linux-x86_64/sysroot -DCMAKE_HAVE_LIBC_PTHREAD  -g -DANDROID -fdata-sections -ffunction-sections -funwind-tables -fstack-protector-strong -no-canonical-prefixes -D_FORTIFY_SOURCE=2 -Wformat -Werror=format-security  -DSPDLOG_COMPILED_LIB  -fPIE -std=c++11 -MD -MT CMakeFiles/cmTC_a5a42.dir/src.cxx.o -MF CMakeFiles/cmTC_a5a42.dir/src.cxx.o.d -o CMakeFiles/cmTC_a5a42.dir/src.cxx.o -c /home/ruslan/AndroidStudioProjects/libs/spdlog/build/arm64-v8a/CMakeFiles/CMakeTmp/src.cxx
/home/ruslan/AndroidStudioProjects/libs/spdlog/build/arm64-v8a/CMakeFiles/CMakeTmp/src.cxx:13:3: error: use of undeclared identifier 'pthread_cancel'
  pthread_cancel(thread);
  ^
1 error generated.
gmake[1]: *** [CMakeFiles/cmTC_a5a42.dir/build.make:79: CMakeFiles/cmTC_a5a42.dir/src.cxx.o] Ошибка 1
gmake[1]: выход из каталога «/home/ruslan/AndroidStudioProjects/libs/spdlog/build/arm64-v8a/CMakeFiles/CMakeTmp»
gmake: *** [Makefile:127: cmTC_a5a42/fast] Ошибка 2


Source file was:
#include <pthread.h>

static void* test_func(void* data)
{
  return data;
}

int main(void)
{
  pthread_t thread;
  pthread_create(&thread, NULL, test_func, NULL);
  pthread_detach(thread);
  pthread_cancel(thread);
  pthread_join(thread, NULL);
  pthread_atfork(NULL, NULL, NULL);
  pthread_exit(NULL);

  return 0;
}

Determining if the function pthread_create exists in the pthreads failed with the following output:
Change Dir: /home/ruslan/AndroidStudioProjects/libs/spdlog/build/arm64-v8a/CMakeFiles/CMakeTmp

Run Build Command(s):/usr/bin/gmake -f Makefile cmTC_8cc60/fast && /usr/bin/gmake  -f CMakeFiles/cmTC_8cc60.dir/build.make CMakeFiles/cmTC_8cc60.dir/build
gmake[1]: вход в каталог «/home/ruslan/AndroidStudioProjects/libs/spdlog/build/arm64-v8a/CMakeFiles/CMakeTmp»
Building CXX object CMakeFiles/cmTC_8cc60.dir/CheckFunctionExists.cxx.o
/home/ruslan/Android/Sdk/ndk/25.1.8937393/toolchains/llvm/prebuilt/linux-x86_64/bin/clang++ --target=aarch64-none-linux-android21 --sysroot=/home/ruslan/Android/Sdk/ndk/25.1.8937393/toolchains/llvm/prebuilt/linux-x86_64/sysroot   -g -DANDROID -fdata-sections -ffunction-sections -funwind-tables -fstack-protector-strong -no-canonical-prefixes -D_FORTIFY_SOURCE=2 -Wformat -Werror=format-security  -DSPDLOG_COMPILED_LIB -DCHECK_FUNCTION_EXISTS=pthread_create -fPIE -std=c++11 -MD -MT CMakeFiles/cmTC_8cc60.dir/CheckFunctionExists.cxx.o -MF CMakeFiles/cmTC_8cc60.dir/CheckFunctionExists.cxx.o.d -o CMakeFiles/cmTC_8cc60.dir/CheckFunctionExists.cxx.o -c /home/ruslan/AndroidStudioProjects/libs/spdlog/build/arm64-v8a/CMakeFiles/CheckLibraryExists/CheckFunctionExists.cxx
Linking CXX executable cmTC_8cc60
/home/ruslan/Android/Sdk/cmake/3.22.1/bin/cmake -E cmake_link_script CMakeFiles/cmTC_8cc60.dir/link.txt --verbose=1
/home/ruslan/Android/Sdk/ndk/25.1.8937393/toolchains/llvm/prebuilt/linux-x86_64/bin/clang++ --target=aarch64-none-linux-android21 --sysroot=/home/ruslan/Android/Sdk/ndk/25.1.8937393/toolchains/llvm/prebuilt/linux-x86_64/sysroot -g -DANDROID -fdata-sections -ffunction-sections -funwind-tables -fstack-protector-strong -no-canonical-prefixes -D_FORTIFY_SOURCE=2 -Wformat -Werror=format-security  -DSPDLOG_COMPILED_LIB -DCHECK_FUNCTION_EXISTS=pthread_create -static-libstdc++ -Wl,--build-id=sha1 -Wl,--no-rosegment -Wl,--fatal-warnings -Wl,--gc-sections -Wl,--no-undefined -Qunused-arguments -Wl,--gc-sections   CMakeFiles/cmTC_8cc60.dir/CheckFunctionExists.cxx.o -o cmTC_8cc60  -lpthreads -latomic -lm 
ld: error: unable to find library -lpthreads
clang++: error: linker command failed with exit code 1 (use -v to see invocation)
gmake[1]: *** [CMakeFiles/cmTC_8cc60.dir/build.make:100: cmTC_8cc60] Ошибка 1
gmake[1]: выход из каталога «/home/ruslan/AndroidStudioProjects/libs/spdlog/build/arm64-v8a/CMakeFiles/CMakeTmp»
gmake: *** [Makefile:127: cmTC_8cc60/fast] Ошибка 2



Determining if the function pthread_create exists in the pthread failed with the following output:
Change Dir: /home/ruslan/AndroidStudioProjects/libs/spdlog/build/arm64-v8a/CMakeFiles/CMakeTmp

Run Build Command(s):/usr/bin/gmake -f Makefile cmTC_94f16/fast && /usr/bin/gmake  -f CMakeFiles/cmTC_94f16.dir/build.make CMakeFiles/cmTC_94f16.dir/build
gmake[1]: вход в каталог «/home/ruslan/AndroidStudioProjects/libs/spdlog/build/arm64-v8a/CMakeFiles/CMakeTmp»
Building CXX object CMakeFiles/cmTC_94f16.dir/CheckFunctionExists.cxx.o
/home/ruslan/Android/Sdk/ndk/25.1.8937393/toolchains/llvm/prebuilt/linux-x86_64/bin/clang++ --target=aarch64-none-linux-android21 --sysroot=/home/ruslan/Android/Sdk/ndk/25.1.8937393/toolchains/llvm/prebuilt/linux-x86_64/sysroot   -g -DANDROID -fdata-sections -ffunction-sections -funwind-tables -fstack-protector-strong -no-canonical-prefixes -D_FORTIFY_SOURCE=2 -Wformat -Werror=format-security  -DSPDLOG_COMPILED_LIB -DCHECK_FUNCTION_EXISTS=pthread_create -fPIE -std=c++11 -MD -MT CMakeFiles/cmTC_94f16.dir/CheckFunctionExists.cxx.o -MF CMakeFiles/cmTC_94f16.dir/CheckFunctionExists.cxx.o.d -o CMakeFiles/cmTC_94f16.dir/CheckFunctionExists.cxx.o -c /home/ruslan/AndroidStudioProjects/libs/spdlog/build/arm64-v8a/CMakeFiles/CheckLibraryExists/CheckFunctionExists.cxx
Linking CXX executable cmTC_94f16
/home/ruslan/Android/Sdk/cmake/3.22.1/bin/cmake -E cmake_link_script CMakeFiles/cmTC_94f16.dir/link.txt --verbose=1
/home/ruslan/Android/Sdk/ndk/25.1.8937393/toolchains/llvm/prebuilt/linux-x86_64/bin/clang++ --target=aarch64-none-linux-android21 --sysroot=/home/ruslan/Android/Sdk/ndk/25.1.8937393/toolchains/llvm/prebuilt/linux-x86_64/sysroot -g -DANDROID -fdata-sections -ffunction-sections -funwind-tables -fstack-protector-strong -no-canonical-prefixes -D_FORTIFY_SOURCE=2 -Wformat -Werror=format-security  -DSPDLOG_COMPILED_LIB -DCHECK_FUNCTION_EXISTS=pthread_create -static-libstdc++ -Wl,--build-id=sha1 -Wl,--no-rosegment -Wl,--fatal-warnings -Wl,--gc-sections -Wl,--no-undefined -Qunused-arguments -Wl,--gc-sections   CMakeFiles/cmTC_94f16.dir/CheckFunctionExists.cxx.o -o cmTC_94f16  -lpthread -latomic -lm 
ld: error: unable to find library -lpthread
clang++: error: linker command failed with exit code 1 (use -v to see invocation)
gmake[1]: *** [CMakeFiles/cmTC_94f16.dir/build.make:100: cmTC_94f16] Ошибка 1
gmake[1]: выход из каталога «/home/ruslan/AndroidStudioProjects/libs/spdlog/build/arm64-v8a/CMakeFiles/CMakeTmp»
gmake: *** [Makefile:127: cmTC_94f16/fast] Ошибка 2



