The target system is: Android - 1 - aarch64
The host system is: Linux - 6.5.0-25-generic - x86_64
Compiling the CXX compiler identification source file "CMakeCXXCompilerId.cpp" succeeded.
Compiler: /home/ruslan/Android/Sdk/ndk/25.1.8937393/toolchains/llvm/prebuilt/linux-x86_64/bin/clang++ 
Build flags: -g;-DANDROID;-fdata-sections;-ffunction-sections;-funwind-tables;-fstack-protector-strong;-no-canonical-prefixes;-D_FORTIFY_SOURCE=2;-Wformat;-Werror=format-security;;-DSPDLOG_COMPILED_LIB
Id flags: -c;--target=aarch64-none-linux-android21 

The output was:
0


Compilation of the CXX compiler identification source "CMakeCXXCompilerId.cpp" produced "CMakeCXXCompilerId.o"

The CXX compiler identification is Clang, found in "/home/ruslan/AndroidStudioProjects/libs/spdlog/build/arm64-v8a/CMakeFiles/3.22.1-g37088a8/CompilerIdCXX/CMakeCXXCompilerId.o"

Detecting CXX compiler ABI info compiled with the following output:
Change Dir: /home/ruslan/AndroidStudioProjects/libs/spdlog/build/arm64-v8a/CMakeFiles/CMakeTmp

Run Build Command(s):/usr/bin/gmake -f Makefile cmTC_c82e7/fast && /usr/bin/gmake  -f CMakeFiles/cmTC_c82e7.dir/build.make CMakeFiles/cmTC_c82e7.dir/build
gmake[1]: Entering directory '/home/ruslan/AndroidStudioProjects/libs/spdlog/build/arm64-v8a/CMakeFiles/CMakeTmp'
Building CXX object CMakeFiles/cmTC_c82e7.dir/CMakeCXXCompilerABI.cpp.o
/home/ruslan/Android/Sdk/ndk/25.1.8937393/toolchains/llvm/prebuilt/linux-x86_64/bin/clang++ --target=aarch64-none-linux-android21 --sysroot=/home/ruslan/Android/Sdk/ndk/25.1.8937393/toolchains/llvm/prebuilt/linux-x86_64/sysroot   -g -DANDROID -fdata-sections -ffunction-sections -funwind-tables -fstack-protector-strong -no-canonical-prefixes -D_FORTIFY_SOURCE=2 -Wformat  -DSPDLOG_COMPILED_LIB  -fPIE   -v -MD -MT CMakeFiles/cmTC_c82e7.dir/CMakeCXXCompilerABI.cpp.o -MF CMakeFiles/cmTC_c82e7.dir/CMakeCXXCompilerABI.cpp.o.d -o CMakeFiles/cmTC_c82e7.dir/CMakeCXXCompilerABI.cpp.o -c /home/ruslan/Android/Sdk/cmake/3.22.1/share/cmake-3.22/Modules/CMakeCXXCompilerABI.cpp
Android (8490178, based on r450784d) clang version 14.0.6 (https://android.googlesource.com/toolchain/llvm-project 4c603efb0cca074e9238af8b4106c30add4418f6)
Target: aarch64-none-linux-android21
Thread model: posix
InstalledDir: /home/ruslan/Android/Sdk/ndk/25.1.8937393/toolchains/llvm/prebuilt/linux-x86_64/bin
 (in-process)
 "/home/ruslan/Android/Sdk/ndk/25.1.8937393/toolchains/llvm/prebuilt/linux-x86_64/bin/clang++" -cc1 -triple aarch64-none-linux-android21 -emit-obj -mrelax-all --mrelax-relocations -disable-free -clear-ast-before-backend -disable-llvm-verifier -discard-value-names -main-file-name CMakeCXXCompilerABI.cpp -mrelocation-model pic -pic-level 2 -pic-is-pie -mframe-pointer=non-leaf -ffp-contract=on -fno-rounding-math -mconstructor-aliases -funwind-tables=2 -target-cpu generic -target-feature +neon -target-feature +v8a -target-feature +fix-cortex-a53-835769 -target-abi aapcs -fallow-half-arguments-and-returns -mllvm -treat-scalable-fixed-error-as-warning -debug-info-kind=constructor -dwarf-version=4 -debugger-tuning=gdb -v -ffunction-sections -fdata-sections -fcoverage-compilation-dir=/home/ruslan/AndroidStudioProjects/libs/spdlog/build/arm64-v8a/CMakeFiles/CMakeTmp -resource-dir /home/ruslan/Android/Sdk/ndk/25.1.8937393/toolchains/llvm/prebuilt/linux-x86_64/lib64/clang/14.0.6 -dependency-file CMakeFiles/cmTC_c82e7.dir/CMakeCXXCompilerABI.cpp.o.d -MT CMakeFiles/cmTC_c82e7.dir/CMakeCXXCompilerABI.cpp.o -sys-header-deps -D ANDROID -D _FORTIFY_SOURCE=2 -D SPDLOG_COMPILED_LIB -isysroot /home/ruslan/Android/Sdk/ndk/25.1.8937393/toolchains/llvm/prebuilt/linux-x86_64/sysroot -internal-isystem /home/ruslan/Android/Sdk/ndk/25.1.8937393/toolchains/llvm/prebuilt/linux-x86_64/sysroot/usr/include/c++/v1 -internal-isystem /home/ruslan/Android/Sdk/ndk/25.1.8937393/toolchains/llvm/prebuilt/linux-x86_64/lib64/clang/14.0.6/include -internal-isystem /home/ruslan/Android/Sdk/ndk/25.1.8937393/toolchains/llvm/prebuilt/linux-x86_64/sysroot/usr/local/include -internal-externc-isystem /home/ruslan/Android/Sdk/ndk/25.1.8937393/toolchains/llvm/prebuilt/linux-x86_64/sysroot/usr/include/aarch64-linux-android -internal-externc-isystem /home/ruslan/Android/Sdk/ndk/25.1.8937393/toolchains/llvm/prebuilt/linux-x86_64/sysroot/include -internal-externc-isystem /home/ruslan/Android/Sdk/ndk/25.1.8937393/toolchains/llvm/prebuilt/linux-x86_64/sysroot/usr/include -Wformat -fdeprecated-macro -fdebug-compilation-dir=/home/ruslan/AndroidStudioProjects/libs/spdlog/build/arm64-v8a/CMakeFiles/CMakeTmp -ferror-limit 19 -stack-protector 2 -fno-signed-char -fgnuc-version=4.2.1 -fcxx-exceptions -fexceptions -target-feature +outline-atomics -D__GCC_HAVE_DWARF2_CFI_ASM=1 -o CMakeFiles/cmTC_c82e7.dir/CMakeCXXCompilerABI.cpp.o -x c++ /home/ruslan/Android/Sdk/cmake/3.22.1/share/cmake-3.22/Modules/CMakeCXXCompilerABI.cpp
clang -cc1 version 14.0.6 based upon LLVM 14.0.6git default target x86_64-unknown-linux-gnu
ignoring nonexistent directory "/home/ruslan/Android/Sdk/ndk/25.1.8937393/toolchains/llvm/prebuilt/linux-x86_64/sysroot/include"
#include "..." search starts here:
#include <...> search starts here:
 /home/ruslan/Android/Sdk/ndk/25.1.8937393/toolchains/llvm/prebuilt/linux-x86_64/sysroot/usr/include/c++/v1
 /home/ruslan/Android/Sdk/ndk/25.1.8937393/toolchains/llvm/prebuilt/linux-x86_64/lib64/clang/14.0.6/include
 /home/ruslan/Android/Sdk/ndk/25.1.8937393/toolchains/llvm/prebuilt/linux-x86_64/sysroot/usr/local/include
 /home/ruslan/Android/Sdk/ndk/25.1.8937393/toolchains/llvm/prebuilt/linux-x86_64/sysroot/usr/include/aarch64-linux-android
 /home/ruslan/Android/Sdk/ndk/25.1.8937393/toolchains/llvm/prebuilt/linux-x86_64/sysroot/usr/include
End of search list.
Linking CXX executable cmTC_c82e7
/home/ruslan/Android/Sdk/cmake/3.22.1/bin/cmake -E cmake_link_script CMakeFiles/cmTC_c82e7.dir/link.txt --verbose=1
/home/ruslan/Android/Sdk/ndk/25.1.8937393/toolchains/llvm/prebuilt/linux-x86_64/bin/clang++ --target=aarch64-none-linux-android21 --sysroot=/home/ruslan/Android/Sdk/ndk/25.1.8937393/toolchains/llvm/prebuilt/linux-x86_64/sysroot -g -DANDROID -fdata-sections -ffunction-sections -funwind-tables -fstack-protector-strong -no-canonical-prefixes -D_FORTIFY_SOURCE=2 -Wformat  -DSPDLOG_COMPILED_LIB  -static-libstdc++ -Wl,--build-id=sha1 -Wl,--no-rosegment -Wl,--fatal-warnings -Wl,--gc-sections -Wl,--no-undefined -Qunused-arguments -Wl,--gc-sections  -v CMakeFiles/cmTC_c82e7.dir/CMakeCXXCompilerABI.cpp.o -o cmTC_c82e7 
Android (8490178, based on r450784d) clang version 14.0.6 (https://android.googlesource.com/toolchain/llvm-project 4c603efb0cca074e9238af8b4106c30add4418f6)
Target: aarch64-none-linux-android21
Thread model: posix
InstalledDir: /home/ruslan/Android/Sdk/ndk/25.1.8937393/toolchains/llvm/prebuilt/linux-x86_64/bin
 "/home/ruslan/Android/Sdk/ndk/25.1.8937393/toolchains/llvm/prebuilt/linux-x86_64/bin/ld" --sysroot=/home/ruslan/Android/Sdk/ndk/25.1.8937393/toolchains/llvm/prebuilt/linux-x86_64/sysroot -pie -EL --fix-cortex-a53-843419 --warn-shared-textrel -z now -z relro -z max-page-size=4096 --hash-style=gnu --hash-style=both --enable-new-dtags --eh-frame-hdr -m aarch64linux -dynamic-linker /system/bin/linker64 -o cmTC_c82e7 /home/ruslan/Android/Sdk/ndk/25.1.8937393/toolchains/llvm/prebuilt/linux-x86_64/sysroot/usr/lib/aarch64-linux-android/21/crtbegin_dynamic.o -L/home/ruslan/Android/Sdk/ndk/25.1.8937393/toolchains/llvm/prebuilt/linux-x86_64/lib64/clang/14.0.6/lib/linux/aarch64 -L/home/ruslan/Android/Sdk/ndk/25.1.8937393/toolchains/llvm/prebuilt/linux-x86_64/sysroot/usr/lib/aarch64-linux-android/21 -L/home/ruslan/Android/Sdk/ndk/25.1.8937393/toolchains/llvm/prebuilt/linux-x86_64/sysroot/usr/lib/aarch64-linux-android -L/home/ruslan/Android/Sdk/ndk/25.1.8937393/toolchains/llvm/prebuilt/linux-x86_64/sysroot/usr/lib --build-id=sha1 --no-rosegment --fatal-warnings --gc-sections --no-undefined --gc-sections CMakeFiles/cmTC_c82e7.dir/CMakeCXXCompilerABI.cpp.o -Bstatic -lc++ -Bdynamic -lm /home/ruslan/Android/Sdk/ndk/25.1.8937393/toolchains/llvm/prebuilt/linux-x86_64/lib64/clang/14.0.6/lib/linux/libclang_rt.builtins-aarch64-android.a -l:libunwind.a -ldl -lc /home/ruslan/Android/Sdk/ndk/25.1.8937393/toolchains/llvm/prebuilt/linux-x86_64/lib64/clang/14.0.6/lib/linux/libclang_rt.builtins-aarch64-android.a -l:libunwind.a -ldl /home/ruslan/Android/Sdk/ndk/25.1.8937393/toolchains/llvm/prebuilt/linux-x86_64/sysroot/usr/lib/aarch64-linux-android/21/crtend_android.o
gmake[1]: Leaving directory '/home/ruslan/AndroidStudioProjects/libs/spdlog/build/arm64-v8a/CMakeFiles/CMakeTmp'



Parsed CXX implicit include dir info from above output: rv=done
  found start of include info
  found start of implicit include info
    add: [/home/ruslan/Android/Sdk/ndk/25.1.8937393/toolchains/llvm/prebuilt/linux-x86_64/sysroot/usr/include/c++/v1]
    add: [/home/ruslan/Android/Sdk/ndk/25.1.8937393/toolchains/llvm/prebuilt/linux-x86_64/lib64/clang/14.0.6/include]
    add: [/home/ruslan/Android/Sdk/ndk/25.1.8937393/toolchains/llvm/prebuilt/linux-x86_64/sysroot/usr/local/include]
    add: [/home/ruslan/Android/Sdk/ndk/25.1.8937393/toolchains/llvm/prebuilt/linux-x86_64/sysroot/usr/include/aarch64-linux-android]
    add: [/home/ruslan/Android/Sdk/ndk/25.1.8937393/toolchains/llvm/prebuilt/linux-x86_64/sysroot/usr/include]
  end of search list found
  collapse include dir [/home/ruslan/Android/Sdk/ndk/25.1.8937393/toolchains/llvm/prebuilt/linux-x86_64/sysroot/usr/include/c++/v1] ==> [/home/ruslan/Android/Sdk/ndk/25.1.8937393/toolchains/llvm/prebuilt/linux-x86_64/sysroot/usr/include/c++/v1]
  collapse include dir [/home/ruslan/Android/Sdk/ndk/25.1.8937393/toolchains/llvm/prebuilt/linux-x86_64/lib64/clang/14.0.6/include] ==> [/home/ruslan/Android/Sdk/ndk/25.1.8937393/toolchains/llvm/prebuilt/linux-x86_64/lib64/clang/14.0.6/include]
  collapse include dir [/home/ruslan/Android/Sdk/ndk/25.1.8937393/toolchains/llvm/prebuilt/linux-x86_64/sysroot/usr/local/include] ==> [/home/ruslan/Android/Sdk/ndk/25.1.8937393/toolchains/llvm/prebuilt/linux-x86_64/sysroot/usr/local/include]
  collapse include dir [/home/ruslan/Android/Sdk/ndk/25.1.8937393/toolchains/llvm/prebuilt/linux-x86_64/sysroot/usr/include/aarch64-linux-android] ==> [/home/ruslan/Android/Sdk/ndk/25.1.8937393/toolchains/llvm/prebuilt/linux-x86_64/sysroot/usr/include/aarch64-linux-android]
  collapse include dir [/home/ruslan/Android/Sdk/ndk/25.1.8937393/toolchains/llvm/prebuilt/linux-x86_64/sysroot/usr/include] ==> [/home/ruslan/Android/Sdk/ndk/25.1.8937393/toolchains/llvm/prebuilt/linux-x86_64/sysroot/usr/include]
  implicit include dirs: [/home/ruslan/Android/Sdk/ndk/25.1.8937393/toolchains/llvm/prebuilt/linux-x86_64/sysroot/usr/include/c++/v1;/home/ruslan/Android/Sdk/ndk/25.1.8937393/toolchains/llvm/prebuilt/linux-x86_64/lib64/clang/14.0.6/include;/home/ruslan/Android/Sdk/ndk/25.1.8937393/toolchains/llvm/prebuilt/linux-x86_64/sysroot/usr/local/include;/home/ruslan/Android/Sdk/ndk/25.1.8937393/toolchains/llvm/prebuilt/linux-x86_64/sysroot/usr/include/aarch64-linux-android;/home/ruslan/Android/Sdk/ndk/25.1.8937393/toolchains/llvm/prebuilt/linux-x86_64/sysroot/usr/include]


Parsed CXX implicit link information from above output:
  link line regex: [^( *|.*[/\])(ld\.lld|CMAKE_LINK_STARTFILE-NOTFOUND|([^/\]+-)?ld|collect2)[^/\]*( |$)]
  ignore line: [Change Dir: /home/ruslan/AndroidStudioProjects/libs/spdlog/build/arm64-v8a/CMakeFiles/CMakeTmp]
  ignore line: []
  ignore line: [Run Build Command(s):/usr/bin/gmake -f Makefile cmTC_c82e7/fast && /usr/bin/gmake  -f CMakeFiles/cmTC_c82e7.dir/build.make CMakeFiles/cmTC_c82e7.dir/build]
  ignore line: [gmake[1]: Entering directory '/home/ruslan/AndroidStudioProjects/libs/spdlog/build/arm64-v8a/CMakeFiles/CMakeTmp']
  ignore line: [Building CXX object CMakeFiles/cmTC_c82e7.dir/CMakeCXXCompilerABI.cpp.o]
  ignore line: [/home/ruslan/Android/Sdk/ndk/25.1.8937393/toolchains/llvm/prebuilt/linux-x86_64/bin/clang++ --target=aarch64-none-linux-android21 --sysroot=/home/ruslan/Android/Sdk/ndk/25.1.8937393/toolchains/llvm/prebuilt/linux-x86_64/sysroot   -g -DANDROID -fdata-sections -ffunction-sections -funwind-tables -fstack-protector-strong -no-canonical-prefixes -D_FORTIFY_SOURCE=2 -Wformat  -DSPDLOG_COMPILED_LIB  -fPIE   -v -MD -MT CMakeFiles/cmTC_c82e7.dir/CMakeCXXCompilerABI.cpp.o -MF CMakeFiles/cmTC_c82e7.dir/CMakeCXXCompilerABI.cpp.o.d -o CMakeFiles/cmTC_c82e7.dir/CMakeCXXCompilerABI.cpp.o -c /home/ruslan/Android/Sdk/cmake/3.22.1/share/cmake-3.22/Modules/CMakeCXXCompilerABI.cpp]
  ignore line: [Android (8490178  based on r450784d) clang version 14.0.6 (https://android.googlesource.com/toolchain/llvm-project 4c603efb0cca074e9238af8b4106c30add4418f6)]
  ignore line: [Target: aarch64-none-linux-android21]
  ignore line: [Thread model: posix]
  ignore line: [InstalledDir: /home/ruslan/Android/Sdk/ndk/25.1.8937393/toolchains/llvm/prebuilt/linux-x86_64/bin]
  ignore line: [ (in-process)]
  ignore line: [ "/home/ruslan/Android/Sdk/ndk/25.1.8937393/toolchains/llvm/prebuilt/linux-x86_64/bin/clang++" -cc1 -triple aarch64-none-linux-android21 -emit-obj -mrelax-all --mrelax-relocations -disable-free -clear-ast-before-backend -disable-llvm-verifier -discard-value-names -main-file-name CMakeCXXCompilerABI.cpp -mrelocation-model pic -pic-level 2 -pic-is-pie -mframe-pointer=non-leaf -ffp-contract=on -fno-rounding-math -mconstructor-aliases -funwind-tables=2 -target-cpu generic -target-feature +neon -target-feature +v8a -target-feature +fix-cortex-a53-835769 -target-abi aapcs -fallow-half-arguments-and-returns -mllvm -treat-scalable-fixed-error-as-warning -debug-info-kind=constructor -dwarf-version=4 -debugger-tuning=gdb -v -ffunction-sections -fdata-sections -fcoverage-compilation-dir=/home/ruslan/AndroidStudioProjects/libs/spdlog/build/arm64-v8a/CMakeFiles/CMakeTmp -resource-dir /home/ruslan/Android/Sdk/ndk/25.1.8937393/toolchains/llvm/prebuilt/linux-x86_64/lib64/clang/14.0.6 -dependency-file CMakeFiles/cmTC_c82e7.dir/CMakeCXXCompilerABI.cpp.o.d -MT CMakeFiles/cmTC_c82e7.dir/CMakeCXXCompilerABI.cpp.o -sys-header-deps -D ANDROID -D _FORTIFY_SOURCE=2 -D SPDLOG_COMPILED_LIB -isysroot /home/ruslan/Android/Sdk/ndk/25.1.8937393/toolchains/llvm/prebuilt/linux-x86_64/sysroot -internal-isystem /home/ruslan/Android/Sdk/ndk/25.1.8937393/toolchains/llvm/prebuilt/linux-x86_64/sysroot/usr/include/c++/v1 -internal-isystem /home/ruslan/Android/Sdk/ndk/25.1.8937393/toolchains/llvm/prebuilt/linux-x86_64/lib64/clang/14.0.6/include -internal-isystem /home/ruslan/Android/Sdk/ndk/25.1.8937393/toolchains/llvm/prebuilt/linux-x86_64/sysroot/usr/local/include -internal-externc-isystem /home/ruslan/Android/Sdk/ndk/25.1.8937393/toolchains/llvm/prebuilt/linux-x86_64/sysroot/usr/include/aarch64-linux-android -internal-externc-isystem /home/ruslan/Android/Sdk/ndk/25.1.8937393/toolchains/llvm/prebuilt/linux-x86_64/sysroot/include -internal-externc-isystem /home/ruslan/Android/Sdk/ndk/25.1.8937393/toolchains/llvm/prebuilt/linux-x86_64/sysroot/usr/include -Wformat -fdeprecated-macro -fdebug-compilation-dir=/home/ruslan/AndroidStudioProjects/libs/spdlog/build/arm64-v8a/CMakeFiles/CMakeTmp -ferror-limit 19 -stack-protector 2 -fno-signed-char -fgnuc-version=4.2.1 -fcxx-exceptions -fexceptions -target-feature +outline-atomics -D__GCC_HAVE_DWARF2_CFI_ASM=1 -o CMakeFiles/cmTC_c82e7.dir/CMakeCXXCompilerABI.cpp.o -x c++ /home/ruslan/Android/Sdk/cmake/3.22.1/share/cmake-3.22/Modules/CMakeCXXCompilerABI.cpp]
  ignore line: [clang -cc1 version 14.0.6 based upon LLVM 14.0.6git default target x86_64-unknown-linux-gnu]
  ignore line: [ignoring nonexistent directory "/home/ruslan/Android/Sdk/ndk/25.1.8937393/toolchains/llvm/prebuilt/linux-x86_64/sysroot/include"]
  ignore line: [#include "..." search starts here:]
  ignore line: [#include <...> search starts here:]
  ignore line: [ /home/ruslan/Android/Sdk/ndk/25.1.8937393/toolchains/llvm/prebuilt/linux-x86_64/sysroot/usr/include/c++/v1]
  ignore line: [ /home/ruslan/Android/Sdk/ndk/25.1.8937393/toolchains/llvm/prebuilt/linux-x86_64/lib64/clang/14.0.6/include]
  ignore line: [ /home/ruslan/Android/Sdk/ndk/25.1.8937393/toolchains/llvm/prebuilt/linux-x86_64/sysroot/usr/local/include]
  ignore line: [ /home/ruslan/Android/Sdk/ndk/25.1.8937393/toolchains/llvm/prebuilt/linux-x86_64/sysroot/usr/include/aarch64-linux-android]
  ignore line: [ /home/ruslan/Android/Sdk/ndk/25.1.8937393/toolchains/llvm/prebuilt/linux-x86_64/sysroot/usr/include]
  ignore line: [End of search list.]
  ignore line: [Linking CXX executable cmTC_c82e7]
  ignore line: [/home/ruslan/Android/Sdk/cmake/3.22.1/bin/cmake -E cmake_link_script CMakeFiles/cmTC_c82e7.dir/link.txt --verbose=1]
  ignore line: [/home/ruslan/Android/Sdk/ndk/25.1.8937393/toolchains/llvm/prebuilt/linux-x86_64/bin/clang++ --target=aarch64-none-linux-android21 --sysroot=/home/ruslan/Android/Sdk/ndk/25.1.8937393/toolchains/llvm/prebuilt/linux-x86_64/sysroot -g -DANDROID -fdata-sections -ffunction-sections -funwind-tables -fstack-protector-strong -no-canonical-prefixes -D_FORTIFY_SOURCE=2 -Wformat  -DSPDLOG_COMPILED_LIB  -static-libstdc++ -Wl --build-id=sha1 -Wl --no-rosegment -Wl --fatal-warnings -Wl --gc-sections -Wl --no-undefined -Qunused-arguments -Wl --gc-sections  -v CMakeFiles/cmTC_c82e7.dir/CMakeCXXCompilerABI.cpp.o -o cmTC_c82e7 ]
  ignore line: [Android (8490178  based on r450784d) clang version 14.0.6 (https://android.googlesource.com/toolchain/llvm-project 4c603efb0cca074e9238af8b4106c30add4418f6)]
  ignore line: [Target: aarch64-none-linux-android21]
  ignore line: [Thread model: posix]
  ignore line: [InstalledDir: /home/ruslan/Android/Sdk/ndk/25.1.8937393/toolchains/llvm/prebuilt/linux-x86_64/bin]
  link line: [ "/home/ruslan/Android/Sdk/ndk/25.1.8937393/toolchains/llvm/prebuilt/linux-x86_64/bin/ld" --sysroot=/home/ruslan/Android/Sdk/ndk/25.1.8937393/toolchains/llvm/prebuilt/linux-x86_64/sysroot -pie -EL --fix-cortex-a53-843419 --warn-shared-textrel -z now -z relro -z max-page-size=4096 --hash-style=gnu --hash-style=both --enable-new-dtags --eh-frame-hdr -m aarch64linux -dynamic-linker /system/bin/linker64 -o cmTC_c82e7 /home/ruslan/Android/Sdk/ndk/25.1.8937393/toolchains/llvm/prebuilt/linux-x86_64/sysroot/usr/lib/aarch64-linux-android/21/crtbegin_dynamic.o -L/home/ruslan/Android/Sdk/ndk/25.1.8937393/toolchains/llvm/prebuilt/linux-x86_64/lib64/clang/14.0.6/lib/linux/aarch64 -L/home/ruslan/Android/Sdk/ndk/25.1.8937393/toolchains/llvm/prebuilt/linux-x86_64/sysroot/usr/lib/aarch64-linux-android/21 -L/home/ruslan/Android/Sdk/ndk/25.1.8937393/toolchains/llvm/prebuilt/linux-x86_64/sysroot/usr/lib/aarch64-linux-android -L/home/ruslan/Android/Sdk/ndk/25.1.8937393/toolchains/llvm/prebuilt/linux-x86_64/sysroot/usr/lib --build-id=sha1 --no-rosegment --fatal-warnings --gc-sections --no-undefined --gc-sections CMakeFiles/cmTC_c82e7.dir/CMakeCXXCompilerABI.cpp.o -Bstatic -lc++ -Bdynamic -lm /home/ruslan/Android/Sdk/ndk/25.1.8937393/toolchains/llvm/prebuilt/linux-x86_64/lib64/clang/14.0.6/lib/linux/libclang_rt.builtins-aarch64-android.a -l:libunwind.a -ldl -lc /home/ruslan/Android/Sdk/ndk/25.1.8937393/toolchains/llvm/prebuilt/linux-x86_64/lib64/clang/14.0.6/lib/linux/libclang_rt.builtins-aarch64-android.a -l:libunwind.a -ldl /home/ruslan/Android/Sdk/ndk/25.1.8937393/toolchains/llvm/prebuilt/linux-x86_64/sysroot/usr/lib/aarch64-linux-android/21/crtend_android.o]
    arg [/home/ruslan/Android/Sdk/ndk/25.1.8937393/toolchains/llvm/prebuilt/linux-x86_64/bin/ld] ==> ignore
    arg [--sysroot=/home/ruslan/Android/Sdk/ndk/25.1.8937393/toolchains/llvm/prebuilt/linux-x86_64/sysroot] ==> ignore
    arg [-pie] ==> ignore
    arg [-EL] ==> ignore
    arg [--fix-cortex-a53-843419] ==> ignore
    arg [--warn-shared-textrel] ==> ignore
    arg [-znow] ==> ignore
    arg [-zrelro] ==> ignore
    arg [-zmax-page-size=4096] ==> ignore
    arg [--hash-style=gnu] ==> ignore
    arg [--hash-style=both] ==> ignore
    arg [--enable-new-dtags] ==> ignore
    arg [--eh-frame-hdr] ==> ignore
    arg [-m] ==> ignore
    arg [aarch64linux] ==> ignore
    arg [-dynamic-linker] ==> ignore
    arg [/system/bin/linker64] ==> ignore
    arg [-o] ==> ignore
    arg [cmTC_c82e7] ==> ignore
    arg [/home/ruslan/Android/Sdk/ndk/25.1.8937393/toolchains/llvm/prebuilt/linux-x86_64/sysroot/usr/lib/aarch64-linux-android/21/crtbegin_dynamic.o] ==> obj [/home/ruslan/Android/Sdk/ndk/25.1.8937393/toolchains/llvm/prebuilt/linux-x86_64/sysroot/usr/lib/aarch64-linux-android/21/crtbegin_dynamic.o]
    arg [-L/home/ruslan/Android/Sdk/ndk/25.1.8937393/toolchains/llvm/prebuilt/linux-x86_64/lib64/clang/14.0.6/lib/linux/aarch64] ==> dir [/home/ruslan/Android/Sdk/ndk/25.1.8937393/toolchains/llvm/prebuilt/linux-x86_64/lib64/clang/14.0.6/lib/linux/aarch64]
    arg [-L/home/ruslan/Android/Sdk/ndk/25.1.8937393/toolchains/llvm/prebuilt/linux-x86_64/sysroot/usr/lib/aarch64-linux-android/21] ==> dir [/home/ruslan/Android/Sdk/ndk/25.1.8937393/toolchains/llvm/prebuilt/linux-x86_64/sysroot/usr/lib/aarch64-linux-android/21]
    arg [-L/home/ruslan/Android/Sdk/ndk/25.1.8937393/toolchains/llvm/prebuilt/linux-x86_64/sysroot/usr/lib/aarch64-linux-android] ==> dir [/home/ruslan/Android/Sdk/ndk/25.1.8937393/toolchains/llvm/prebuilt/linux-x86_64/sysroot/usr/lib/aarch64-linux-android]
    arg [-L/home/ruslan/Android/Sdk/ndk/25.1.8937393/toolchains/llvm/prebuilt/linux-x86_64/sysroot/usr/lib] ==> dir [/home/ruslan/Android/Sdk/ndk/25.1.8937393/toolchains/llvm/prebuilt/linux-x86_64/sysroot/usr/lib]
    arg [--build-id=sha1] ==> ignore
    arg [--no-rosegment] ==> ignore
    arg [--fatal-warnings] ==> ignore
    arg [--gc-sections] ==> ignore
    arg [--no-undefined] ==> ignore
    arg [--gc-sections] ==> ignore
    arg [CMakeFiles/cmTC_c82e7.dir/CMakeCXXCompilerABI.cpp.o] ==> ignore
    arg [-Bstatic] ==> search static
    arg [-lc++] ==> lib [c++]
    arg [-Bdynamic] ==> search dynamic
    arg [-lm] ==> lib [m]
    arg [/home/ruslan/Android/Sdk/ndk/25.1.8937393/toolchains/llvm/prebuilt/linux-x86_64/lib64/clang/14.0.6/lib/linux/libclang_rt.builtins-aarch64-android.a] ==> lib [/home/ruslan/Android/Sdk/ndk/25.1.8937393/toolchains/llvm/prebuilt/linux-x86_64/lib64/clang/14.0.6/lib/linux/libclang_rt.builtins-aarch64-android.a]
    arg [-l:libunwind.a] ==> lib [-l:libunwind.a]
    arg [-ldl] ==> lib [dl]
    arg [-lc] ==> lib [c]
    arg [/home/ruslan/Android/Sdk/ndk/25.1.8937393/toolchains/llvm/prebuilt/linux-x86_64/lib64/clang/14.0.6/lib/linux/libclang_rt.builtins-aarch64-android.a] ==> lib [/home/ruslan/Android/Sdk/ndk/25.1.8937393/toolchains/llvm/prebuilt/linux-x86_64/lib64/clang/14.0.6/lib/linux/libclang_rt.builtins-aarch64-android.a]
    arg [-l:libunwind.a] ==> lib [-l:libunwind.a]
    arg [-ldl] ==> lib [dl]
    arg [/home/ruslan/Android/Sdk/ndk/25.1.8937393/toolchains/llvm/prebuilt/linux-x86_64/sysroot/usr/lib/aarch64-linux-android/21/crtend_android.o] ==> obj [/home/ruslan/Android/Sdk/ndk/25.1.8937393/toolchains/llvm/prebuilt/linux-x86_64/sysroot/usr/lib/aarch64-linux-android/21/crtend_android.o]
  remove lib [/home/ruslan/Android/Sdk/ndk/25.1.8937393/toolchains/llvm/prebuilt/linux-x86_64/lib64/clang/14.0.6/lib/linux/libclang_rt.builtins-aarch64-android.a]
  remove lib [/home/ruslan/Android/Sdk/ndk/25.1.8937393/toolchains/llvm/prebuilt/linux-x86_64/lib64/clang/14.0.6/lib/linux/libclang_rt.builtins-aarch64-android.a]
  collapse library dir [/home/ruslan/Android/Sdk/ndk/25.1.8937393/toolchains/llvm/prebuilt/linux-x86_64/lib64/clang/14.0.6/lib/linux/aarch64] ==> [/home/ruslan/Android/Sdk/ndk/25.1.8937393/toolchains/llvm/prebuilt/linux-x86_64/lib64/clang/14.0.6/lib/linux/aarch64]
  collapse library dir [/home/ruslan/Android/Sdk/ndk/25.1.8937393/toolchains/llvm/prebuilt/linux-x86_64/sysroot/usr/lib/aarch64-linux-android/21] ==> [/home/ruslan/Android/Sdk/ndk/25.1.8937393/toolchains/llvm/prebuilt/linux-x86_64/sysroot/usr/lib/aarch64-linux-android/21]
  collapse library dir [/home/ruslan/Android/Sdk/ndk/25.1.8937393/toolchains/llvm/prebuilt/linux-x86_64/sysroot/usr/lib/aarch64-linux-android] ==> [/home/ruslan/Android/Sdk/ndk/25.1.8937393/toolchains/llvm/prebuilt/linux-x86_64/sysroot/usr/lib/aarch64-linux-android]
  collapse library dir [/home/ruslan/Android/Sdk/ndk/25.1.8937393/toolchains/llvm/prebuilt/linux-x86_64/sysroot/usr/lib] ==> [/home/ruslan/Android/Sdk/ndk/25.1.8937393/toolchains/llvm/prebuilt/linux-x86_64/sysroot/usr/lib]
  implicit libs: [c++;m;-l:libunwind.a;dl;c;-l:libunwind.a;dl]
  implicit objs: [/home/ruslan/Android/Sdk/ndk/25.1.8937393/toolchains/llvm/prebuilt/linux-x86_64/sysroot/usr/lib/aarch64-linux-android/21/crtbegin_dynamic.o;/home/ruslan/Android/Sdk/ndk/25.1.8937393/toolchains/llvm/prebuilt/linux-x86_64/sysroot/usr/lib/aarch64-linux-android/21/crtend_android.o]
  implicit dirs: [/home/ruslan/Android/Sdk/ndk/25.1.8937393/toolchains/llvm/prebuilt/linux-x86_64/lib64/clang/14.0.6/lib/linux/aarch64;/home/ruslan/Android/Sdk/ndk/25.1.8937393/toolchains/llvm/prebuilt/linux-x86_64/sysroot/usr/lib/aarch64-linux-android/21;/home/ruslan/Android/Sdk/ndk/25.1.8937393/toolchains/llvm/prebuilt/linux-x86_64/sysroot/usr/lib/aarch64-linux-android;/home/ruslan/Android/Sdk/ndk/25.1.8937393/toolchains/llvm/prebuilt/linux-x86_64/sysroot/usr/lib]
  implicit fwks: []


Determining if the include file pthread.h exists passed with the following output:
Change Dir: /home/ruslan/AndroidStudioProjects/libs/spdlog/build/arm64-v8a/CMakeFiles/CMakeTmp

Run Build Command(s):/usr/bin/gmake -f Makefile cmTC_65d8a/fast && /usr/bin/gmake  -f CMakeFiles/cmTC_65d8a.dir/build.make CMakeFiles/cmTC_65d8a.dir/build
gmake[1]: вход в каталог «/home/ruslan/AndroidStudioProjects/libs/spdlog/build/arm64-v8a/CMakeFiles/CMakeTmp»
Building CXX object CMakeFiles/cmTC_65d8a.dir/CheckIncludeFile.cxx.o
/home/ruslan/Android/Sdk/ndk/25.1.8937393/toolchains/llvm/prebuilt/linux-x86_64/bin/clang++ --target=aarch64-none-linux-android21 --sysroot=/home/ruslan/Android/Sdk/ndk/25.1.8937393/toolchains/llvm/prebuilt/linux-x86_64/sysroot   -g -DANDROID -fdata-sections -ffunction-sections -funwind-tables -fstack-protector-strong -no-canonical-prefixes -D_FORTIFY_SOURCE=2 -Wformat -Werror=format-security  -DSPDLOG_COMPILED_LIB  -fPIE -std=c++11 -MD -MT CMakeFiles/cmTC_65d8a.dir/CheckIncludeFile.cxx.o -MF CMakeFiles/cmTC_65d8a.dir/CheckIncludeFile.cxx.o.d -o CMakeFiles/cmTC_65d8a.dir/CheckIncludeFile.cxx.o -c /home/ruslan/AndroidStudioProjects/libs/spdlog/build/arm64-v8a/CMakeFiles/CMakeTmp/CheckIncludeFile.cxx
Linking CXX executable cmTC_65d8a
/home/ruslan/Android/Sdk/cmake/3.22.1/bin/cmake -E cmake_link_script CMakeFiles/cmTC_65d8a.dir/link.txt --verbose=1
/home/ruslan/Android/Sdk/ndk/25.1.8937393/toolchains/llvm/prebuilt/linux-x86_64/bin/clang++ --target=aarch64-none-linux-android21 --sysroot=/home/ruslan/Android/Sdk/ndk/25.1.8937393/toolchains/llvm/prebuilt/linux-x86_64/sysroot -g -DANDROID -fdata-sections -ffunction-sections -funwind-tables -fstack-protector-strong -no-canonical-prefixes -D_FORTIFY_SOURCE=2 -Wformat -Werror=format-security  -DSPDLOG_COMPILED_LIB  -static-libstdc++ -Wl,--build-id=sha1 -Wl,--no-rosegment -Wl,--fatal-warnings -Wl,--gc-sections -Wl,--no-undefined -Qunused-arguments -Wl,--gc-sections   CMakeFiles/cmTC_65d8a.dir/CheckIncludeFile.cxx.o -o cmTC_65d8a  -latomic -lm 
gmake[1]: выход из каталога «/home/ruslan/AndroidStudioProjects/libs/spdlog/build/arm64-v8a/CMakeFiles/CMakeTmp»



